#
# There is insufficient memory for the Java Runtime Environment to continue.
# Native memory allocation (mmap) failed to map 266338304 bytes for G1 virtual space
# Possible reasons:
#   The system is out of physical RAM or swap space
#   The process is running with CompressedOops enabled, and the Java Heap may be blocking the growth of the native heap
# Possible solutions:
#   Reduce memory load on the system
#   Increase physical memory or swap space
#   Check if swap backing store is full
#   Decrease Java heap size (-Xmx/-Xms)
#   Decrease number of Java threads
#   Decrease Java thread stack sizes (-Xss)
#   Set larger code cache with -XX:ReservedCodeCacheSize=
#   JVM is running with Zero Based Compressed Oops mode in which the Java heap is
#     placed in the first 32GB address space. The Java Heap base address is the
#     maximum limit for the native heap growth. Please use -XX:HeapBaseMinAddress
#     to set the Java Heap base and to place the Java Heap above 32GB virtual address.
# This output file may be truncated or incomplete.
#
#  Out of Memory Error (os_windows.cpp:3769), pid=14956, tid=9792
#
# JRE version:  (17.0.6+10) (build )
# Java VM: OpenJDK 64-Bit Server VM (17.0.6+10-b829.5, mixed mode, sharing, tiered, compressed oops, compressed class ptrs, g1 gc, windows-amd64)
# No core dump will be written. Minidumps are not enabled by default on client versions of Windows
#

---------------  S U M M A R Y ------------

Command Line: git4idea.http.GitAskPassApp Username for 'https://github.com': 

Host: Intel(R) Core(TM) i5-6500 CPU @ 3.20GHz, 4 cores, 15G,  Windows 10 , 64 bit Build 19041 (10.0.19041.2913)
Time: Fri Jun  9 15:01:21 2023 Hora oficial do Brasil elapsed time: 0.015320 seconds (0d 0h 0m 0s)

---------------  T H R E A D  ---------------

Current thread (0x00000144b0a30b20):  JavaThread "Unknown thread" [_thread_in_vm, id=9792, stack(0x00000027af700000,0x00000027af800000)]

Stack: [0x00000027af700000,0x00000027af800000]
Native frames: (J=compiled Java code, j=interpreted, Vv=VM code, C=native code)
V  [jvm.dll+0x683b4a]
V  [jvm.dll+0x842654]
V  [jvm.dll+0x843dfe]
V  [jvm.dll+0x844463]
V  [jvm.dll+0x249b75]
V  [jvm.dll+0x680a19]
V  [jvm.dll+0x674f0a]
V  [jvm.dll+0x309acb]
V  [jvm.dll+0x310f86]
V  [jvm.dll+0x3608ee]
V  [jvm.dll+0x360b1f]
V  [jvm.dll+0x2dfbf8]
V  [jvm.dll+0x2e0b64]
V  [jvm.dll+0x813f41]
V  [jvm.dll+0x36e6a1]
V  [jvm.dll+0x7f347c]
V  [jvm.dll+0x3f0e8f]
V  [jvm.dll+0x3f29d1]
C  [jli.dll+0x526b]
C  [ucrtbase.dll+0x21bb2]
C  [KERNEL32.DLL+0x17614]
C  [ntdll.dll+0x526a1]


---------------  P R O C E S S  ---------------

Threads class SMR info:
_java_thread_list=0x00007ffd9102c058, length=0, elements={
}

Java Threads: ( => current thread )

Other Threads:
  0x00000144b0a9b770 GCTaskThread "GC Thread#0" [stack: 0x00000027af800000,0x00000027af900000] [id=1012]
  0x00000144b0aac4b0 ConcurrentGCThread "G1 Main Marker" [stack: 0x00000027af900000,0x00000027afa00000] [id=14908]
  0x00000144b0aacec0 ConcurrentGCThread "G1 Conc#0" [stack: 0x00000027afa00000,0x00000027afb00000] [id=10816]

[error occurred during error reporting (printing all threads), id 0xc0000005, EXCEPTION_ACCESS_VIOLATION (0xc0000005) at pc=0x00007ffd907e0797]

VM state: not at safepoint (not fully initialized)

VM Mutex/Monitor currently owned by a thread:  ([mutex/lock_event])
[0x00000144b0a2ad20] Heap_lock - owner thread: 0x00000144b0a30b20

Heap address: 0x0000000702000000, size: 4064 MB, Compressed Oops mode: Zero based, Oop shift amount: 3

CDS archive(s) mapped at: [0x0000000000000000-0x0000000000000000-0x0000000000000000), size 0, SharedBaseAddress: 0x0000000800000000, ArchiveRelocationMode: 0.
Narrow klass base: 0x0000000000000000, Narrow klass shift: 0, Narrow klass range: 0x0

GC Precious Log:
<Empty>

Heap:
 garbage-first heap   total 0K, used 0K [0x0000000702000000, 0x0000000800000000)
  region size 2048K, 0 young (0K), 0 survivors (0K)

[error occurred during error reporting (printing heap information), id 0xc0000005, EXCEPTION_ACCESS_VIOLATION (0xc0000005) at pc=0x00007ffd90bcd939]

GC Heap History (0 events):
No events

Dll operation events (1 events):
Event: 0.010 Loaded shared library C:\Program Files\JetBrains\PyCharm 2023.1\jbr\bin\java.dll

Deoptimization events (0 events):
No events

Classes unloaded (0 events):
No events

Classes redefined (0 events):
No events

Internal exceptions (0 events):
No events

VM Operations (0 events):
No events

Events (0 events):
No events


Dynamic libraries:
0x00007ff731bf0000 - 0x00007ff731bfa000 	C:\Program Files\JetBrains\PyCharm 2023.1\jbr\bin\java.exe
0x00007ffe26470000 - 0x00007ffe26668000 	C:\WINDOWS\SYSTEM32\ntdll.dll
0x00007ffe253a0000 - 0x00007ffe2545f000 	C:\WINDOWS\System32\KERNEL32.DLL
0x00007ffe23ef0000 - 0x00007ffe241e6000 	C:\WINDOWS\System32\KERNELBASE.dll
0x00007ffe241f0000 - 0x00007ffe242f0000 	C:\WINDOWS\System32\ucrtbase.dll
0x00007ffdf5af0000 - 0x00007ffdf5b07000 	C:\Program Files\JetBrains\PyCharm 2023.1\jbr\bin\jli.dll
0x00007ffe0dd30000 - 0x00007ffe0dd4b000 	C:\Program Files\JetBrains\PyCharm 2023.1\jbr\bin\VCRUNTIME140.dll
0x00007ffe25670000 - 0x00007ffe2580d000 	C:\WINDOWS\System32\USER32.dll
0x00007ffe0ac40000 - 0x00007ffe0aeda000 	C:\WINDOWS\WinSxS\amd64_microsoft.windows.common-controls_6595b64144ccf1df_6.0.19041.1110_none_60b5254171f9507e\COMCTL32.dll
0x00007ffe242f0000 - 0x00007ffe24312000 	C:\WINDOWS\System32\win32u.dll
0x00007ffe26050000 - 0x00007ffe260ee000 	C:\WINDOWS\System32\msvcrt.dll
0x00007ffe25870000 - 0x00007ffe2589c000 	C:\WINDOWS\System32\GDI32.dll
0x00007ffe23dd0000 - 0x00007ffe23ee5000 	C:\WINDOWS\System32\gdi32full.dll
0x00007ffe24430000 - 0x00007ffe244cd000 	C:\WINDOWS\System32\msvcp_win.dll
0x00007ffe260f0000 - 0x00007ffe26120000 	C:\WINDOWS\System32\IMM32.DLL
0x00007ffe1eaa0000 - 0x00007ffe1eaac000 	C:\Program Files\JetBrains\PyCharm 2023.1\jbr\bin\vcruntime140_1.dll
0x00007ffdeca50000 - 0x00007ffdecadd000 	C:\Program Files\JetBrains\PyCharm 2023.1\jbr\bin\msvcp140.dll
0x00007ffd904f0000 - 0x00007ffd9115d000 	C:\Program Files\JetBrains\PyCharm 2023.1\jbr\bin\server\jvm.dll
0x00007ffe262d0000 - 0x00007ffe2637f000 	C:\WINDOWS\System32\ADVAPI32.dll
0x00007ffe24e90000 - 0x00007ffe24f2c000 	C:\WINDOWS\System32\sechost.dll
0x00007ffe254e0000 - 0x00007ffe25606000 	C:\WINDOWS\System32\RPCRT4.dll
0x00007ffe1f9d0000 - 0x00007ffe1f9d9000 	C:\WINDOWS\SYSTEM32\WSOCK32.dll
0x00007ffe25460000 - 0x00007ffe254cb000 	C:\WINDOWS\System32\WS2_32.dll
0x00007ffe19440000 - 0x00007ffe19467000 	C:\WINDOWS\SYSTEM32\WINMM.dll
0x00007ffe1a0a0000 - 0x00007ffe1a0aa000 	C:\WINDOWS\SYSTEM32\VERSION.dll
0x00007ffe21a30000 - 0x00007ffe21a42000 	C:\WINDOWS\SYSTEM32\kernel.appcore.dll
0x00007ffe1e760000 - 0x00007ffe1e76a000 	C:\Program Files\JetBrains\PyCharm 2023.1\jbr\bin\jimage.dll
0x00007ffe1c320000 - 0x00007ffe1c504000 	C:\WINDOWS\SYSTEM32\DBGHELP.DLL
0x00007ffe0a440000 - 0x00007ffe0a474000 	C:\WINDOWS\SYSTEM32\dbgcore.DLL
0x00007ffe243a0000 - 0x00007ffe24422000 	C:\WINDOWS\System32\bcryptPrimitives.dll
0x00007ffdf5ba0000 - 0x00007ffdf5bc5000 	C:\Program Files\JetBrains\PyCharm 2023.1\jbr\bin\java.dll

dbghelp: loaded successfully - version: 4.0.5 - missing functions: none
symbol engine: initialized successfully - sym options: 0x614 - pdb path: .;C:\Program Files\JetBrains\PyCharm 2023.1\jbr\bin;C:\WINDOWS\SYSTEM32;C:\WINDOWS\WinSxS\amd64_microsoft.windows.common-controls_6595b64144ccf1df_6.0.19041.1110_none_60b5254171f9507e;C:\Program Files\JetBrains\PyCharm 2023.1\jbr\bin\server

VM Arguments:
java_command: git4idea.http.GitAskPassApp Username for 'https://github.com': 
java_class_path (initial): C:/Program Files/JetBrains/PyCharm 2023.1/plugins/vcs-git/lib/git4idea-rt.jar;C:/Program Files/JetBrains/PyCharm 2023.1/lib/externalProcess-rt.jar
Launcher Type: SUN_STANDARD

[Global flags]
     intx CICompilerCount                          = 3                                         {product} {ergonomic}
     uint ConcGCThreads                            = 1                                         {product} {ergonomic}
     uint G1ConcRefinementThreads                  = 4                                         {product} {ergonomic}
   size_t G1HeapRegionSize                         = 2097152                                   {product} {ergonomic}
    uintx GCDrainStackTargetSize                   = 64                                        {product} {ergonomic}
   size_t InitialHeapSize                          = 266338304                                 {product} {ergonomic}
   size_t MarkStackSize                            = 4194304                                   {product} {ergonomic}
   size_t MaxHeapSize                              = 4261412864                                {product} {ergonomic}
   size_t MinHeapDeltaBytes                        = 2097152                                   {product} {ergonomic}
   size_t MinHeapSize                              = 8388608                                   {product} {ergonomic}
    uintx NonNMethodCodeHeapSize                   = 5832780                                {pd product} {ergonomic}
    uintx NonProfiledCodeHeapSize                  = 122912730                              {pd product} {ergonomic}
    uintx ProfiledCodeHeapSize                     = 122912730                              {pd product} {ergonomic}
    uintx ReservedCodeCacheSize                    = 251658240                              {pd product} {ergonomic}
     bool SegmentedCodeCache                       = true                                      {product} {ergonomic}
   size_t SoftMaxHeapSize                          = 4261412864                             {manageable} {ergonomic}
     bool UseCompressedClassPointers               = true                           {product lp64_product} {ergonomic}
     bool UseCompressedOops                        = true                           {product lp64_product} {ergonomic}
     bool UseG1GC                                  = true                                      {product} {ergonomic}
     bool UseLargePagesIndividualAllocation        = false                                  {pd product} {ergonomic}

Logging:
Log output configuration:
 #0: stdout all=warning uptime,level,tags
 #1: stderr all=off uptime,level,tags

Environment Variables:
PATH=C:/Program Files/Git/mingw64/libexec/git-core;C:/Program Files/Git/mingw64/libexec/git-core;C:\Program Files\Git\mingw64\bin;C:\Program Files\Git\usr\bin;C:\Users\Kaju\bin;C:\Users\Kaju\PycharmProjects\bolt\venv\Scripts;C:\Program Files (x86)\Intel\Intel(R) Management Engine Components\iCLS\;C:\Program Files\Intel\Intel(R) Management Engine Components\iCLS\;C:\Python38\Scripts\;C:\Python38\;C:\Program Files (x86)\Common Files\Intel\Shared Libraries\redist\intel64_win\compiler;C:\Program Files (x86)\Common Files\Oracle\Java\javapath;C:\ProgramData\Oracle\Java\javapath;C:\WINDOWS\system32;C:\WINDOWS;C:\WINDOWS\System32\Wbem;C:\WINDOWS\System32\WindowsPowerShell\v1.0\;C:\Program Files\Common Files\Autodesk Shared\;C:\Program Files (x86)\Extensis\Suitcase Fusion 3\;C:\Users\Kaju\AppData\Local\Microsoft\WindowsApps;C:\adb;C:\Program Files\Microsoft SQL Server\120\Tools\Binn\;C:\WINDOWS\system32;C:\WINDOWS;C:\WINDOWS\System32\Wbem;C:\WINDOWS\System32\WindowsPowerShell\v1.0\;C:\WINDOWS\System32\OpenSSH\;C:\Program Files\PuTTY\;C:\Program Files\nodejs\;C:\ProgramData\chocolatey\bin;C:\Program Files (x86)\Intel\Intel(R) Management Engine Components\DAL;C:\Program Files\Intel\Intel(R) Management Engine Components\DAL;C:\Program Files (x86)\Intel\Intel(R) Management Engine Components\IPT;C:\Program Files\Intel\Intel(R) Management Engine Components\IPT;E:\xampp\php;C:\Program Files\dotnet\;C:\Program Files\Microsoft SQL Server\150\Tools\Binn\;C:\Program Files\Microsoft SQL Server\Client SDK\ODBC\170\Tools\Binn\;C:\Program Files\Git\cmd;C:\Program Files\MySQL\MySQL Shell 8.0\bin\;C:\Users\Kaju\AppData\Local\Programs\Python\Python38-32\Scripts\;C:\Users\Kaju\AppData\Local\Programs\Python\Python38-32\;C:\Users\Kaju\AppData\Local\Microsoft\WindowsApps;C:\Users\Kaju\AppData\Local\GitHubDesktop\bin;C:\Users\Kaju\AppData\Local\Programs\Microsoft VS Code\bin;C:\Users\Kaju\AppData\Roaming\npm;C:\Users\Kaju\AppData\Local\Microsoft\WindowsApps;C:\Users\Kaju\.dotnet\tools
USERNAME=Kaju
DISPLAY=:0.0
LC_ALL=en_US.UTF-8
TERM=xterm-256color
TMPDIR=C:\Users\Kaju\AppData\Local\Temp
OS=Windows_NT
PROCESSOR_IDENTIFIER=Intel64 Family 6 Model 94 Stepping 3, GenuineIntel
TMP=C:\Users\Kaju\AppData\Local\Temp
TEMP=C:\Users\Kaju\AppData\Local\Temp



---------------  S Y S T E M  ---------------

OS:
 Windows 10 , 64 bit Build 19041 (10.0.19041.2913)
OS uptime: 0 days 21:01 hours

CPU: total 4 (initial active 4) (4 cores per cpu, 1 threads per core) family 6 model 94 stepping 3 microcode 0xcc, cx8, cmov, fxsr, mmx, 3dnowpref, sse, sse2, sse3, ssse3, sse4.1, sse4.2, popcnt, lzcnt, tsc, tscinvbit, avx, avx2, aes, erms, clmul, bmi1, bmi2, rtm, adx, fma, vzeroupper, clflush, clflushopt

Memory: 4k page, system-wide physical 16252M (4855M free)
TotalPageFile size 16252M (AvailPageFile size 112M)
current process WorkingSet (physical memory assigned to process): 10M, peak: 10M
current process commit charge ("private bytes"): 51M, peak: 305M

vm_info: OpenJDK 64-Bit Server VM (17.0.6+10-b829.5) for windows-amd64 JRE (17.0.6+10-b829.5), built on 2023-02-24 by "builduser" with MS VC++ 16.10 / 16.11 (VS2019)

END.
